# JRE version: OpenJDK Runtime Environment (11.0.11+9) (build 11.0.11+9-Ubuntu-0ubuntu2.18.04)
# Java VM: OpenJDK 64-Bit Server VM (11.0.11+9-Ubuntu-0ubuntu2.18.04, mixed mode, sharing, tiered, compressed oops, g1 gc, linux-amd64)
Heap:
 garbage-first heap   total 32768K, used 15766K [0x00000000e3000000, 0x0000000100000000)
  region size 1024K, 6 young (6144K), 1 survivors (1024K)
 Metaspace       used 17291K, capacity 18011K, committed 18432K, reserved 1064960K
  class space    used 1878K, capacity 2189K, committed 2304K, reserved 1048576K
GC Heap History (20 events):
Event: 676.458 GC heap before
{Heap before GC invocations=124 (full 0):
 garbage-first heap   total 32768K, used 25996K [0x00000000e3000000, 0x0000000100000000)
  region size 1024K, 15 young (15360K), 1 survivors (1024K)
 Metaspace       used 17243K, capacity 17947K, committed 18176K, reserved 1064960K
  class space    used 1877K, capacity 2189K, committed 2304K, reserved 1048576K
}
Event: 676.460 GC heap after
{Heap after GC invocations=125 (full 0):
 garbage-first heap   total 32768K, used 11663K [0x00000000e3000000, 0x0000000100000000)
  region size 1024K, 1 young (1024K), 1 survivors (1024K)
 Metaspace       used 17243K, capacity 17947K, committed 18176K, reserved 1064960K
  class space    used 1877K, capacity 2189K, committed 2304K, reserved 1048576K
}
Event: 677.179 GC heap before
{Heap before GC invocations=125 (full 0):
 garbage-first heap   total 32768K, used 25999K [0x00000000e3000000, 0x0000000100000000)
  region size 1024K, 15 young (15360K), 1 survivors (1024K)
 Metaspace       used 17243K, capacity 17947K, committed 18176K, reserved 1064960K
  class space    used 1877K, capacity 2189K, committed 2304K, reserved 1048576K
}
Event: 677.181 GC heap after
{Heap after GC invocations=126 (full 0):
 garbage-first heap   total 32768K, used 11663K [0x00000000e3000000, 0x0000000100000000)
  region size 1024K, 1 young (1024K), 1 survivors (1024K)
 Metaspace       used 17243K, capacity 17947K, committed 18176K, reserved 1064960K
  class space    used 1877K, capacity 2189K, committed 2304K, reserved 1048576K
}
Event: 786.447 GC heap before
{Heap before GC invocations=126 (full 0):
 garbage-first heap   total 32768K, used 25999K [0x00000000e3000000, 0x0000000100000000)
  region size 1024K, 15 young (15360K), 1 survivors (1024K)
 Metaspace       used 17256K, capacity 17947K, committed 18176K, reserved 1064960K
  class space    used 1877K, capacity 2189K, committed 2304K, reserved 1048576K
}
Event: 786.449 GC heap after
{Heap after GC invocations=127 (full 0):
 garbage-first heap   total 32768K, used 11665K [0x00000000e3000000, 0x0000000100000000)
  region size 1024K, 1 young (1024K), 1 survivors (1024K)
 Metaspace       used 17256K, capacity 17947K, committed 18176K, reserved 1064960K
  class space    used 1877K, capacity 2189K, committed 2304K, reserved 1048576K
}
Event: 787.075 GC heap before
{Heap before GC invocations=127 (full 0):
 garbage-first heap   total 32768K, used 26001K [0x00000000e3000000, 0x0000000100000000)
  region size 1024K, 15 young (15360K), 1 survivors (1024K)
 Metaspace       used 17256K, capacity 17947K, committed 18176K, reserved 1064960K
  class space    used 1877K, capacity 2189K, committed 2304K, reserved 1048576K
}
Event: 787.077 GC heap after
{Heap after GC invocations=128 (full 0):
 garbage-first heap   total 32768K, used 11663K [0x00000000e3000000, 0x0000000100000000)
  region size 1024K, 1 young (1024K), 1 survivors (1024K)
 Metaspace       used 17256K, capacity 17947K, committed 18176K, reserved 1064960K
  class space    used 1877K, capacity 2189K, committed 2304K, reserved 1048576K
}
Event: 787.708 GC heap before
{Heap before GC invocations=128 (full 0):
 garbage-first heap   total 32768K, used 25999K [0x00000000e3000000, 0x0000000100000000)
  region size 1024K, 15 young (15360K), 1 survivors (1024K)
 Metaspace       used 17256K, capacity 17947K, committed 18176K, reserved 1064960K
  class space    used 1877K, capacity 2189K, committed 2304K, reserved 1048576K
}
Event: 787.710 GC heap after
{Heap after GC invocations=129 (full 0):
 garbage-first heap   total 32768K, used 11663K [0x00000000e3000000, 0x0000000100000000)
  region size 1024K, 1 young (1024K), 1 survivors (1024K)
 Metaspace       used 17256K, capacity 17947K, committed 18176K, reserved 1064960K
  class space    used 1877K, capacity 2189K, committed 2304K, reserved 1048576K
}
Event: 788.308 GC heap before
{Heap before GC invocations=129 (full 0):
 garbage-first heap   total 32768K, used 25999K [0x00000000e3000000, 0x0000000100000000)
  region size 1024K, 15 young (15360K), 1 survivors (1024K)
 Metaspace       used 17256K, capacity 17947K, committed 18176K, reserved 1064960K
  class space    used 1877K, capacity 2189K, committed 2304K, reserved 1048576K
}
Event: 788.310 GC heap after
{Heap after GC invocations=130 (full 0):
 garbage-first heap   total 32768K, used 11663K [0x00000000e3000000, 0x0000000100000000)
  region size 1024K, 1 young (1024K), 1 survivors (1024K)
 Metaspace       used 17256K, capacity 17947K, committed 18176K, reserved 1064960K
  class space    used 1877K, capacity 2189K, committed 2304K, reserved 1048576K
}
Event: 789.012 GC heap before
{Heap before GC invocations=130 (full 0):
 garbage-first heap   total 32768K, used 25999K [0x00000000e3000000, 0x0000000100000000)
  region size 1024K, 15 young (15360K), 1 survivors (1024K)
 Metaspace       used 17258K, capacity 17947K, committed 18176K, reserved 1064960K
  class space    used 1877K, capacity 2189K, committed 2304K, reserved 1048576K
}
Event: 789.014 GC heap after
{Heap after GC invocations=131 (full 0):
 garbage-first heap   total 32768K, used 11665K [0x00000000e3000000, 0x0000000100000000)
  region size 1024K, 1 young (1024K), 1 survivors (1024K)
 Metaspace       used 17258K, capacity 17947K, committed 18176K, reserved 1064960K
  class space    used 1877K, capacity 2189K, committed 2304K, reserved 1048576K
}
Event: 789.708 GC heap before
{Heap before GC invocations=131 (full 0):
 garbage-first heap   total 32768K, used 26001K [0x00000000e3000000, 0x0000000100000000)
  region size 1024K, 15 young (15360K), 1 survivors (1024K)
 Metaspace       used 17271K, capacity 17947K, committed 18176K, reserved 1064960K
  class space    used 1877K, capacity 2189K, committed 2304K, reserved 1048576K
}
Event: 789.710 GC heap after
{Heap after GC invocations=132 (full 0):
 garbage-first heap   total 32768K, used 11665K [0x00000000e3000000, 0x0000000100000000)
  region size 1024K, 1 young (1024K), 1 survivors (1024K)
 Metaspace       used 17271K, capacity 17947K, committed 18176K, reserved 1064960K
  class space    used 1877K, capacity 2189K, committed 2304K, reserved 1048576K
}
Event: 790.308 GC heap before
{Heap before GC invocations=132 (full 0):
 garbage-first heap   total 32768K, used 26001K [0x00000000e3000000, 0x0000000100000000)
  region size 1024K, 15 young (15360K), 1 survivors (1024K)
 Metaspace       used 17271K, capacity 17947K, committed 18176K, reserved 1064960K
  class space    used 1877K, capacity 2189K, committed 2304K, reserved 1048576K
}
Event: 790.309 GC heap after
{Heap after GC invocations=133 (full 0):
 garbage-first heap   total 32768K, used 11663K [0x00000000e3000000, 0x0000000100000000)
  region size 1024K, 1 young (1024K), 1 survivors (1024K)
 Metaspace       used 17271K, capacity 17947K, committed 18176K, reserved 1064960K
  class space    used 1877K, capacity 2189K, committed 2304K, reserved 1048576K
}
Event: 790.985 GC heap before
{Heap before GC invocations=133 (full 0):
 garbage-first heap   total 32768K, used 25999K [0x00000000e3000000, 0x0000000100000000)
  region size 1024K, 15 young (15360K), 1 survivors (1024K)
 Metaspace       used 17272K, capacity 17947K, committed 18176K, reserved 1064960K
  class space    used 1877K, capacity 2189K, committed 2304K, reserved 1048576K
}
Event: 790.986 GC heap after
{Heap after GC invocations=134 (full 0):
 garbage-first heap   total 32768K, used 11670K [0x00000000e3000000, 0x0000000100000000)
  region size 1024K, 1 young (1024K), 1 survivors (1024K)
 Metaspace       used 17272K, capacity 17947K, committed 18176K, reserved 1064960K
  class space    used 1877K, capacity 2189K, committed 2304K, reserved 1048576K
}

