# JRE version: OpenJDK Runtime Environment (11.0.11+9) (build 11.0.11+9-Ubuntu-0ubuntu2.18.04)
# Java VM: OpenJDK 64-Bit Server VM (11.0.11+9-Ubuntu-0ubuntu2.18.04, mixed mode, sharing, tiered, compressed oops, g1 gc, linux-amd64)
Heap:
 garbage-first heap   total 32768K, used 24102K [0x00000000e3000000, 0x0000000100000000)
  region size 1024K, 15 young (15360K), 1 survivors (1024K)
 Metaspace       used 17470K, capacity 18129K, committed 18432K, reserved 1064960K
  class space    used 1904K, capacity 2211K, committed 2304K, reserved 1048576K
GC Heap History (20 events):
Event: 142.260 GC heap before
{Heap before GC invocations=170 (full 0):
 garbage-first heap   total 32768K, used 26137K [0x00000000e3000000, 0x0000000100000000)
  region size 1024K, 16 young (16384K), 1 survivors (1024K)
 Metaspace       used 17434K, capacity 18129K, committed 18432K, reserved 1064960K
  class space    used 1903K, capacity 2211K, committed 2304K, reserved 1048576K
}
Event: 142.262 GC heap after
{Heap after GC invocations=171 (full 0):
 garbage-first heap   total 32768K, used 10777K [0x00000000e3000000, 0x0000000100000000)
  region size 1024K, 1 young (1024K), 1 survivors (1024K)
 Metaspace       used 17434K, capacity 18129K, committed 18432K, reserved 1064960K
  class space    used 1903K, capacity 2211K, committed 2304K, reserved 1048576K
}
Event: 142.939 GC heap before
{Heap before GC invocations=171 (full 0):
 garbage-first heap   total 32768K, used 26137K [0x00000000e3000000, 0x0000000100000000)
  region size 1024K, 16 young (16384K), 1 survivors (1024K)
 Metaspace       used 17434K, capacity 18129K, committed 18432K, reserved 1064960K
  class space    used 1903K, capacity 2211K, committed 2304K, reserved 1048576K
}
Event: 142.941 GC heap after
{Heap after GC invocations=172 (full 0):
 garbage-first heap   total 32768K, used 10777K [0x00000000e3000000, 0x0000000100000000)
  region size 1024K, 1 young (1024K), 1 survivors (1024K)
 Metaspace       used 17434K, capacity 18129K, committed 18432K, reserved 1064960K
  class space    used 1903K, capacity 2211K, committed 2304K, reserved 1048576K
}
Event: 280.141 GC heap before
{Heap before GC invocations=172 (full 0):
 garbage-first heap   total 32768K, used 26137K [0x00000000e3000000, 0x0000000100000000)
  region size 1024K, 16 young (16384K), 1 survivors (1024K)
 Metaspace       used 17436K, capacity 18129K, committed 18432K, reserved 1064960K
  class space    used 1903K, capacity 2211K, committed 2304K, reserved 1048576K
}
Event: 280.380 GC heap after
{Heap after GC invocations=173 (full 0):
 garbage-first heap   total 32768K, used 10787K [0x00000000e3000000, 0x0000000100000000)
  region size 1024K, 1 young (1024K), 1 survivors (1024K)
 Metaspace       used 17436K, capacity 18129K, committed 18432K, reserved 1064960K
  class space    used 1903K, capacity 2211K, committed 2304K, reserved 1048576K
}
Event: 281.088 GC heap before
{Heap before GC invocations=173 (full 0):
 garbage-first heap   total 32768K, used 26147K [0x00000000e3000000, 0x0000000100000000)
  region size 1024K, 16 young (16384K), 1 survivors (1024K)
 Metaspace       used 17436K, capacity 18129K, committed 18432K, reserved 1064960K
  class space    used 1903K, capacity 2211K, committed 2304K, reserved 1048576K
}
Event: 281.090 GC heap after
{Heap after GC invocations=174 (full 0):
 garbage-first heap   total 32768K, used 10788K [0x00000000e3000000, 0x0000000100000000)
  region size 1024K, 1 young (1024K), 1 survivors (1024K)
 Metaspace       used 17436K, capacity 18129K, committed 18432K, reserved 1064960K
  class space    used 1903K, capacity 2211K, committed 2304K, reserved 1048576K
}
Event: 281.840 GC heap before
{Heap before GC invocations=174 (full 0):
 garbage-first heap   total 32768K, used 26148K [0x00000000e3000000, 0x0000000100000000)
  region size 1024K, 16 young (16384K), 1 survivors (1024K)
 Metaspace       used 17436K, capacity 18129K, committed 18432K, reserved 1064960K
  class space    used 1903K, capacity 2211K, committed 2304K, reserved 1048576K
}
Event: 281.842 GC heap after
{Heap after GC invocations=175 (full 0):
 garbage-first heap   total 32768K, used 10788K [0x00000000e3000000, 0x0000000100000000)
  region size 1024K, 1 young (1024K), 1 survivors (1024K)
 Metaspace       used 17436K, capacity 18129K, committed 18432K, reserved 1064960K
  class space    used 1903K, capacity 2211K, committed 2304K, reserved 1048576K
}
Event: 282.566 GC heap before
{Heap before GC invocations=175 (full 0):
 garbage-first heap   total 32768K, used 26148K [0x00000000e3000000, 0x0000000100000000)
  region size 1024K, 16 young (16384K), 1 survivors (1024K)
 Metaspace       used 17436K, capacity 18129K, committed 18432K, reserved 1064960K
  class space    used 1903K, capacity 2211K, committed 2304K, reserved 1048576K
}
Event: 282.568 GC heap after
{Heap after GC invocations=176 (full 0):
 garbage-first heap   total 32768K, used 10788K [0x00000000e3000000, 0x0000000100000000)
  region size 1024K, 1 young (1024K), 1 survivors (1024K)
 Metaspace       used 17436K, capacity 18129K, committed 18432K, reserved 1064960K
  class space    used 1903K, capacity 2211K, committed 2304K, reserved 1048576K
}
Event: 283.213 GC heap before
{Heap before GC invocations=176 (full 0):
 garbage-first heap   total 32768K, used 26148K [0x00000000e3000000, 0x0000000100000000)
  region size 1024K, 16 young (16384K), 1 survivors (1024K)
 Metaspace       used 17436K, capacity 18129K, committed 18432K, reserved 1064960K
  class space    used 1903K, capacity 2211K, committed 2304K, reserved 1048576K
}
Event: 283.214 GC heap after
{Heap after GC invocations=177 (full 0):
 garbage-first heap   total 32768K, used 10788K [0x00000000e3000000, 0x0000000100000000)
  region size 1024K, 1 young (1024K), 1 survivors (1024K)
 Metaspace       used 17436K, capacity 18129K, committed 18432K, reserved 1064960K
  class space    used 1903K, capacity 2211K, committed 2304K, reserved 1048576K
}
Event: 283.898 GC heap before
{Heap before GC invocations=177 (full 0):
 garbage-first heap   total 32768K, used 26148K [0x00000000e3000000, 0x0000000100000000)
  region size 1024K, 16 young (16384K), 1 survivors (1024K)
 Metaspace       used 17436K, capacity 18129K, committed 18432K, reserved 1064960K
  class space    used 1903K, capacity 2211K, committed 2304K, reserved 1048576K
}
Event: 283.899 GC heap after
{Heap after GC invocations=178 (full 0):
 garbage-first heap   total 32768K, used 10788K [0x00000000e3000000, 0x0000000100000000)
  region size 1024K, 1 young (1024K), 1 survivors (1024K)
 Metaspace       used 17436K, capacity 18129K, committed 18432K, reserved 1064960K
  class space    used 1903K, capacity 2211K, committed 2304K, reserved 1048576K
}
Event: 284.631 GC heap before
{Heap before GC invocations=178 (full 0):
 garbage-first heap   total 32768K, used 26148K [0x00000000e3000000, 0x0000000100000000)
  region size 1024K, 16 young (16384K), 1 survivors (1024K)
 Metaspace       used 17436K, capacity 18129K, committed 18432K, reserved 1064960K
  class space    used 1903K, capacity 2211K, committed 2304K, reserved 1048576K
}
Event: 284.633 GC heap after
{Heap after GC invocations=179 (full 0):
 garbage-first heap   total 32768K, used 10788K [0x00000000e3000000, 0x0000000100000000)
  region size 1024K, 1 young (1024K), 1 survivors (1024K)
 Metaspace       used 17436K, capacity 18129K, committed 18432K, reserved 1064960K
  class space    used 1903K, capacity 2211K, committed 2304K, reserved 1048576K
}
Event: 1569.594 GC heap before
{Heap before GC invocations=179 (full 0):
 garbage-first heap   total 32768K, used 26148K [0x00000000e3000000, 0x0000000100000000)
  region size 1024K, 16 young (16384K), 1 survivors (1024K)
 Metaspace       used 17455K, capacity 18129K, committed 18432K, reserved 1064960K
  class space    used 1903K, capacity 2211K, committed 2304K, reserved 1048576K
}
Event: 1569.610 GC heap after
{Heap after GC invocations=180 (full 0):
 garbage-first heap   total 32768K, used 10790K [0x00000000e3000000, 0x0000000100000000)
  region size 1024K, 1 young (1024K), 1 survivors (1024K)
 Metaspace       used 17455K, capacity 18129K, committed 18432K, reserved 1064960K
  class space    used 1903K, capacity 2211K, committed 2304K, reserved 1048576K
}

