# JRE version: OpenJDK Runtime Environment (11.0.11+9) (build 11.0.11+9-Ubuntu-0ubuntu2.18.04)
# Java VM: OpenJDK 64-Bit Server VM (11.0.11+9-Ubuntu-0ubuntu2.18.04, mixed mode, sharing, tiered, compressed oops, g1 gc, linux-amd64)
Heap:
 garbage-first heap   total 32768K, used 22566K [0x00000000e3000000, 0x0000000100000000)
  region size 1024K, 10 young (10240K), 1 survivors (1024K)
 Metaspace       used 16970K, capacity 17635K, committed 17792K, reserved 1064960K
  class space    used 1841K, capacity 2148K, committed 2176K, reserved 1048576K
GC Heap History (20 events):
Event: 135.333 GC heap before
{Heap before GC invocations=283 (full 0):
 garbage-first heap   total 32768K, used 25626K [0x00000000e3000000, 0x0000000100000000)
  region size 1024K, 12 young (12288K), 1 survivors (1024K)
 Metaspace       used 16925K, capacity 17571K, committed 17792K, reserved 1064960K
  class space    used 1840K, capacity 2148K, committed 2176K, reserved 1048576K
}
Event: 135.335 GC heap after
{Heap after GC invocations=284 (full 0):
 garbage-first heap   total 32768K, used 14362K [0x00000000e3000000, 0x0000000100000000)
  region size 1024K, 1 young (1024K), 1 survivors (1024K)
 Metaspace       used 16925K, capacity 17571K, committed 17792K, reserved 1064960K
  class space    used 1840K, capacity 2148K, committed 2176K, reserved 1048576K
}
Event: 135.823 GC heap before
{Heap before GC invocations=284 (full 0):
 garbage-first heap   total 32768K, used 25626K [0x00000000e3000000, 0x0000000100000000)
  region size 1024K, 12 young (12288K), 1 survivors (1024K)
 Metaspace       used 16925K, capacity 17571K, committed 17792K, reserved 1064960K
  class space    used 1840K, capacity 2148K, committed 2176K, reserved 1048576K
}
Event: 135.825 GC heap after
{Heap after GC invocations=285 (full 0):
 garbage-first heap   total 32768K, used 14367K [0x00000000e3000000, 0x0000000100000000)
  region size 1024K, 1 young (1024K), 1 survivors (1024K)
 Metaspace       used 16925K, capacity 17571K, committed 17792K, reserved 1064960K
  class space    used 1840K, capacity 2148K, committed 2176K, reserved 1048576K
}
Event: 136.345 GC heap before
{Heap before GC invocations=286 (full 0):
 garbage-first heap   total 32768K, used 25631K [0x00000000e3000000, 0x0000000100000000)
  region size 1024K, 12 young (12288K), 1 survivors (1024K)
 Metaspace       used 16925K, capacity 17571K, committed 17792K, reserved 1064960K
  class space    used 1840K, capacity 2148K, committed 2176K, reserved 1048576K
}
Event: 136.348 GC heap after
{Heap after GC invocations=287 (full 0):
 garbage-first heap   total 32768K, used 14367K [0x00000000e3000000, 0x0000000100000000)
  region size 1024K, 1 young (1024K), 1 survivors (1024K)
 Metaspace       used 16925K, capacity 17571K, committed 17792K, reserved 1064960K
  class space    used 1840K, capacity 2148K, committed 2176K, reserved 1048576K
}
Event: 136.811 GC heap before
{Heap before GC invocations=287 (full 0):
 garbage-first heap   total 32768K, used 25631K [0x00000000e3000000, 0x0000000100000000)
  region size 1024K, 12 young (12288K), 1 survivors (1024K)
 Metaspace       used 16925K, capacity 17571K, committed 17792K, reserved 1064960K
  class space    used 1840K, capacity 2148K, committed 2176K, reserved 1048576K
}
Event: 136.812 GC heap after
{Heap after GC invocations=288 (full 0):
 garbage-first heap   total 32768K, used 14369K [0x00000000e3000000, 0x0000000100000000)
  region size 1024K, 1 young (1024K), 1 survivors (1024K)
 Metaspace       used 16925K, capacity 17571K, committed 17792K, reserved 1064960K
  class space    used 1840K, capacity 2148K, committed 2176K, reserved 1048576K
}
Event: 137.302 GC heap before
{Heap before GC invocations=289 (full 0):
 garbage-first heap   total 32768K, used 25633K [0x00000000e3000000, 0x0000000100000000)
  region size 1024K, 12 young (12288K), 1 survivors (1024K)
 Metaspace       used 16925K, capacity 17571K, committed 17792K, reserved 1064960K
  class space    used 1840K, capacity 2148K, committed 2176K, reserved 1048576K
}
Event: 137.304 GC heap after
{Heap after GC invocations=290 (full 0):
 garbage-first heap   total 32768K, used 14369K [0x00000000e3000000, 0x0000000100000000)
  region size 1024K, 1 young (1024K), 1 survivors (1024K)
 Metaspace       used 16925K, capacity 17571K, committed 17792K, reserved 1064960K
  class space    used 1840K, capacity 2148K, committed 2176K, reserved 1048576K
}
Event: 137.796 GC heap before
{Heap before GC invocations=290 (full 0):
 garbage-first heap   total 32768K, used 25633K [0x00000000e3000000, 0x0000000100000000)
  region size 1024K, 12 young (12288K), 1 survivors (1024K)
 Metaspace       used 16925K, capacity 17571K, committed 17792K, reserved 1064960K
  class space    used 1840K, capacity 2148K, committed 2176K, reserved 1048576K
}
Event: 137.799 GC heap after
{Heap after GC invocations=291 (full 0):
 garbage-first heap   total 32768K, used 14374K [0x00000000e3000000, 0x0000000100000000)
  region size 1024K, 1 young (1024K), 1 survivors (1024K)
 Metaspace       used 16925K, capacity 17571K, committed 17792K, reserved 1064960K
  class space    used 1840K, capacity 2148K, committed 2176K, reserved 1048576K
}
Event: 138.322 GC heap before
{Heap before GC invocations=292 (full 0):
 garbage-first heap   total 32768K, used 25638K [0x00000000e3000000, 0x0000000100000000)
  region size 1024K, 12 young (12288K), 1 survivors (1024K)
 Metaspace       used 16937K, capacity 17635K, committed 17792K, reserved 1064960K
  class space    used 1840K, capacity 2148K, committed 2176K, reserved 1048576K
}
Event: 138.324 GC heap after
{Heap after GC invocations=293 (full 0):
 garbage-first heap   total 32768K, used 14374K [0x00000000e3000000, 0x0000000100000000)
  region size 1024K, 1 young (1024K), 1 survivors (1024K)
 Metaspace       used 16937K, capacity 17635K, committed 17792K, reserved 1064960K
  class space    used 1840K, capacity 2148K, committed 2176K, reserved 1048576K
}
Event: 138.794 GC heap before
{Heap before GC invocations=293 (full 0):
 garbage-first heap   total 32768K, used 25638K [0x00000000e3000000, 0x0000000100000000)
  region size 1024K, 12 young (12288K), 1 survivors (1024K)
 Metaspace       used 16944K, capacity 17635K, committed 17792K, reserved 1064960K
  class space    used 1840K, capacity 2148K, committed 2176K, reserved 1048576K
}
Event: 138.797 GC heap after
{Heap after GC invocations=294 (full 0):
 garbage-first heap   total 32768K, used 14374K [0x00000000e3000000, 0x0000000100000000)
  region size 1024K, 1 young (1024K), 1 survivors (1024K)
 Metaspace       used 16944K, capacity 17635K, committed 17792K, reserved 1064960K
  class space    used 1840K, capacity 2148K, committed 2176K, reserved 1048576K
}
Event: 139.304 GC heap before
{Heap before GC invocations=295 (full 0):
 garbage-first heap   total 32768K, used 25638K [0x00000000e3000000, 0x0000000100000000)
  region size 1024K, 12 young (12288K), 1 survivors (1024K)
 Metaspace       used 16957K, capacity 17635K, committed 17792K, reserved 1064960K
  class space    used 1840K, capacity 2148K, committed 2176K, reserved 1048576K
}
Event: 139.305 GC heap after
{Heap after GC invocations=296 (full 0):
 garbage-first heap   total 32768K, used 14374K [0x00000000e3000000, 0x0000000100000000)
  region size 1024K, 1 young (1024K), 1 survivors (1024K)
 Metaspace       used 16957K, capacity 17635K, committed 17792K, reserved 1064960K
  class space    used 1840K, capacity 2148K, committed 2176K, reserved 1048576K
}
Event: 139.801 GC heap before
{Heap before GC invocations=296 (full 0):
 garbage-first heap   total 32768K, used 25638K [0x00000000e3000000, 0x0000000100000000)
  region size 1024K, 12 young (12288K), 1 survivors (1024K)
 Metaspace       used 16957K, capacity 17635K, committed 17792K, reserved 1064960K
  class space    used 1840K, capacity 2148K, committed 2176K, reserved 1048576K
}
Event: 139.803 GC heap after
{Heap after GC invocations=297 (full 0):
 garbage-first heap   total 32768K, used 14374K [0x00000000e3000000, 0x0000000100000000)
  region size 1024K, 1 young (1024K), 1 survivors (1024K)
 Metaspace       used 16957K, capacity 17635K, committed 17792K, reserved 1064960K
  class space    used 1840K, capacity 2148K, committed 2176K, reserved 1048576K
}

