# JRE version: OpenJDK Runtime Environment (11.0.11+9) (build 11.0.11+9-Ubuntu-0ubuntu2.18.04)
# Java VM: OpenJDK 64-Bit Server VM (11.0.11+9-Ubuntu-0ubuntu2.18.04, mixed mode, sharing, tiered, compressed oops, g1 gc, linux-amd64)
Heap:
 garbage-first heap   total 32768K, used 11094K [0x00000000e3000000, 0x0000000100000000)
  region size 1024K, 5 young (5120K), 2 survivors (2048K)
 Metaspace       used 16611K, capacity 17308K, committed 17536K, reserved 1064960K
  class space    used 1847K, capacity 2147K, committed 2176K, reserved 1048576K
GC Heap History (8 events):
Event: 1.771 GC heap before
{Heap before GC invocations=0 (full 0):
 garbage-first heap   total 32768K, used 10952K [0x00000000e3000000, 0x0000000100000000)
  region size 1024K, 7 young (7168K), 0 survivors (0K)
 Metaspace       used 6823K, capacity 7191K, committed 7424K, reserved 1056768K
  class space    used 804K, capacity 960K, committed 1024K, reserved 1048576K
}
Event: 1.791 GC heap after
{Heap after GC invocations=1 (full 0):
 garbage-first heap   total 32768K, used 5464K [0x00000000e3000000, 0x0000000100000000)
  region size 1024K, 1 young (1024K), 1 survivors (1024K)
 Metaspace       used 6823K, capacity 7191K, committed 7424K, reserved 1056768K
  class space    used 804K, capacity 960K, committed 1024K, reserved 1048576K
}
Event: 2.221 GC heap before
{Heap before GC invocations=1 (full 0):
 garbage-first heap   total 32768K, used 9560K [0x00000000e3000000, 0x0000000100000000)
  region size 1024K, 5 young (5120K), 1 survivors (1024K)
 Metaspace       used 8980K, capacity 9392K, committed 9728K, reserved 1058816K
  class space    used 1022K, capacity 1203K, committed 1280K, reserved 1048576K
}
Event: 2.254 GC heap after
{Heap after GC invocations=2 (full 0):
 garbage-first heap   total 32768K, used 5874K [0x00000000e3000000, 0x0000000100000000)
  region size 1024K, 1 young (1024K), 1 survivors (1024K)
 Metaspace       used 8980K, capacity 9392K, committed 9728K, reserved 1058816K
  class space    used 1022K, capacity 1203K, committed 1280K, reserved 1048576K
}
Event: 32.406 GC heap before
{Heap before GC invocations=2 (full 0):
 garbage-first heap   total 32768K, used 15090K [0x00000000e3000000, 0x0000000100000000)
  region size 1024K, 10 young (10240K), 1 survivors (1024K)
 Metaspace       used 12726K, capacity 13394K, committed 13568K, reserved 1060864K
  class space    used 1423K, capacity 1737K, committed 1792K, reserved 1048576K
}
Event: 32.416 GC heap after
{Heap after GC invocations=3 (full 0):
 garbage-first heap   total 32768K, used 6967K [0x00000000e3000000, 0x0000000100000000)
  region size 1024K, 2 young (2048K), 2 survivors (2048K)
 Metaspace       used 12726K, capacity 13394K, committed 13568K, reserved 1060864K
  class space    used 1423K, capacity 1737K, committed 1792K, reserved 1048576K
}
Event: 13737.891 GC heap before
{Heap before GC invocations=3 (full 0):
 garbage-first heap   total 32768K, used 16183K [0x00000000e3000000, 0x0000000100000000)
  region size 1024K, 12 young (12288K), 2 survivors (2048K)
 Metaspace       used 16511K, capacity 17166K, committed 17536K, reserved 1064960K
  class space    used 1831K, capacity 2142K, committed 2176K, reserved 1048576K
}
Event: 13737.909 GC heap after
{Heap after GC invocations=4 (full 0):
 garbage-first heap   total 32768K, used 9046K [0x00000000e3000000, 0x0000000100000000)
  region size 1024K, 2 young (2048K), 2 survivors (2048K)
 Metaspace       used 16511K, capacity 17166K, committed 17536K, reserved 1064960K
  class space    used 1831K, capacity 2142K, committed 2176K, reserved 1048576K
}

