# JRE version: OpenJDK Runtime Environment (11.0.11+9) (build 11.0.11+9-Ubuntu-0ubuntu2.18.04)
# Java VM: OpenJDK 64-Bit Server VM (11.0.11+9-Ubuntu-0ubuntu2.18.04, mixed mode, sharing, tiered, compressed oops, g1 gc, linux-amd64)
Heap:
 garbage-first heap   total 32768K, used 24964K [0x00000000e3000000, 0x0000000100000000)
  region size 1024K, 12 young (12288K), 1 survivors (1024K)
 Metaspace       used 16832K, capacity 17210K, committed 18304K, reserved 1064960K
  class space    used 1708K, capacity 1867K, committed 2176K, reserved 1048576K
GC Heap History (20 events):
Event: 18936.947 GC heap before
{Heap before GC invocations=8592 (full 0):
 garbage-first heap   total 32768K, used 25988K [0x00000000e3000000, 0x0000000100000000)
  region size 1024K, 12 young (12288K), 1 survivors (1024K)
 Metaspace       used 16821K, capacity 17210K, committed 18304K, reserved 1064960K
  class space    used 1707K, capacity 1867K, committed 2176K, reserved 1048576K
}
Event: 18936.949 GC heap after
{Heap after GC invocations=8593 (full 0):
 garbage-first heap   total 32768K, used 14724K [0x00000000e3000000, 0x0000000100000000)
  region size 1024K, 1 young (1024K), 1 survivors (1024K)
 Metaspace       used 16821K, capacity 17210K, committed 18304K, reserved 1064960K
  class space    used 1707K, capacity 1867K, committed 2176K, reserved 1048576K
}
Event: 18937.411 GC heap before
{Heap before GC invocations=8594 (full 0):
 garbage-first heap   total 32768K, used 25988K [0x00000000e3000000, 0x0000000100000000)
  region size 1024K, 12 young (12288K), 1 survivors (1024K)
 Metaspace       used 16821K, capacity 17210K, committed 18304K, reserved 1064960K
  class space    used 1707K, capacity 1867K, committed 2176K, reserved 1048576K
}
Event: 18937.413 GC heap after
{Heap after GC invocations=8595 (full 0):
 garbage-first heap   total 32768K, used 14724K [0x00000000e3000000, 0x0000000100000000)
  region size 1024K, 1 young (1024K), 1 survivors (1024K)
 Metaspace       used 16821K, capacity 17210K, committed 18304K, reserved 1064960K
  class space    used 1707K, capacity 1867K, committed 2176K, reserved 1048576K
}
Event: 18937.922 GC heap before
{Heap before GC invocations=8595 (full 0):
 garbage-first heap   total 32768K, used 25988K [0x00000000e3000000, 0x0000000100000000)
  region size 1024K, 12 young (12288K), 1 survivors (1024K)
 Metaspace       used 16821K, capacity 17210K, committed 18304K, reserved 1064960K
  class space    used 1707K, capacity 1867K, committed 2176K, reserved 1048576K
}
Event: 18937.924 GC heap after
{Heap after GC invocations=8596 (full 0):
 garbage-first heap   total 32768K, used 14726K [0x00000000e3000000, 0x0000000100000000)
  region size 1024K, 1 young (1024K), 1 survivors (1024K)
 Metaspace       used 16821K, capacity 17210K, committed 18304K, reserved 1064960K
  class space    used 1707K, capacity 1867K, committed 2176K, reserved 1048576K
}
Event: 18938.368 GC heap before
{Heap before GC invocations=8597 (full 0):
 garbage-first heap   total 32768K, used 25990K [0x00000000e3000000, 0x0000000100000000)
  region size 1024K, 12 young (12288K), 1 survivors (1024K)
 Metaspace       used 16821K, capacity 17210K, committed 18304K, reserved 1064960K
  class space    used 1707K, capacity 1867K, committed 2176K, reserved 1048576K
}
Event: 18938.370 GC heap after
{Heap after GC invocations=8598 (full 0):
 garbage-first heap   total 32768K, used 14724K [0x00000000e3000000, 0x0000000100000000)
  region size 1024K, 1 young (1024K), 1 survivors (1024K)
 Metaspace       used 16821K, capacity 17210K, committed 18304K, reserved 1064960K
  class space    used 1707K, capacity 1867K, committed 2176K, reserved 1048576K
}
Event: 18938.874 GC heap before
{Heap before GC invocations=8598 (full 0):
 garbage-first heap   total 32768K, used 25988K [0x00000000e3000000, 0x0000000100000000)
  region size 1024K, 12 young (12288K), 1 survivors (1024K)
 Metaspace       used 16821K, capacity 17210K, committed 18304K, reserved 1064960K
  class space    used 1707K, capacity 1867K, committed 2176K, reserved 1048576K
}
Event: 18938.878 GC heap after
{Heap after GC invocations=8599 (full 0):
 garbage-first heap   total 32768K, used 14724K [0x00000000e3000000, 0x0000000100000000)
  region size 1024K, 1 young (1024K), 1 survivors (1024K)
 Metaspace       used 16821K, capacity 17210K, committed 18304K, reserved 1064960K
  class space    used 1707K, capacity 1867K, committed 2176K, reserved 1048576K
}
Event: 18939.538 GC heap before
{Heap before GC invocations=8600 (full 0):
 garbage-first heap   total 32768K, used 25988K [0x00000000e3000000, 0x0000000100000000)
  region size 1024K, 12 young (12288K), 1 survivors (1024K)
 Metaspace       used 16821K, capacity 17210K, committed 18304K, reserved 1064960K
  class space    used 1707K, capacity 1867K, committed 2176K, reserved 1048576K
}
Event: 18939.539 GC heap after
{Heap after GC invocations=8601 (full 0):
 garbage-first heap   total 32768K, used 14726K [0x00000000e3000000, 0x0000000100000000)
  region size 1024K, 1 young (1024K), 1 survivors (1024K)
 Metaspace       used 16821K, capacity 17210K, committed 18304K, reserved 1064960K
  class space    used 1707K, capacity 1867K, committed 2176K, reserved 1048576K
}
Event: 18939.983 GC heap before
{Heap before GC invocations=8601 (full 0):
 garbage-first heap   total 32768K, used 25990K [0x00000000e3000000, 0x0000000100000000)
  region size 1024K, 12 young (12288K), 1 survivors (1024K)
 Metaspace       used 16821K, capacity 17210K, committed 18304K, reserved 1064960K
  class space    used 1707K, capacity 1867K, committed 2176K, reserved 1048576K
}
Event: 18939.984 GC heap after
{Heap after GC invocations=8602 (full 0):
 garbage-first heap   total 32768K, used 14724K [0x00000000e3000000, 0x0000000100000000)
  region size 1024K, 1 young (1024K), 1 survivors (1024K)
 Metaspace       used 16821K, capacity 17210K, committed 18304K, reserved 1064960K
  class space    used 1707K, capacity 1867K, committed 2176K, reserved 1048576K
}
Event: 18940.544 GC heap before
{Heap before GC invocations=8603 (full 0):
 garbage-first heap   total 32768K, used 25988K [0x00000000e3000000, 0x0000000100000000)
  region size 1024K, 12 young (12288K), 1 survivors (1024K)
 Metaspace       used 16821K, capacity 17210K, committed 18304K, reserved 1064960K
  class space    used 1707K, capacity 1867K, committed 2176K, reserved 1048576K
}
Event: 18940.558 GC heap after
{Heap after GC invocations=8604 (full 0):
 garbage-first heap   total 32768K, used 14726K [0x00000000e3000000, 0x0000000100000000)
  region size 1024K, 1 young (1024K), 1 survivors (1024K)
 Metaspace       used 16821K, capacity 17210K, committed 18304K, reserved 1064960K
  class space    used 1707K, capacity 1867K, committed 2176K, reserved 1048576K
}
Event: 18940.999 GC heap before
{Heap before GC invocations=8604 (full 0):
 garbage-first heap   total 32768K, used 25990K [0x00000000e3000000, 0x0000000100000000)
  region size 1024K, 12 young (12288K), 1 survivors (1024K)
 Metaspace       used 16821K, capacity 17210K, committed 18304K, reserved 1064960K
  class space    used 1707K, capacity 1867K, committed 2176K, reserved 1048576K
}
Event: 18941.000 GC heap after
{Heap after GC invocations=8605 (full 0):
 garbage-first heap   total 32768K, used 14724K [0x00000000e3000000, 0x0000000100000000)
  region size 1024K, 1 young (1024K), 1 survivors (1024K)
 Metaspace       used 16821K, capacity 17210K, committed 18304K, reserved 1064960K
  class space    used 1707K, capacity 1867K, committed 2176K, reserved 1048576K
}
Event: 18941.468 GC heap before
{Heap before GC invocations=8606 (full 0):
 garbage-first heap   total 32768K, used 25988K [0x00000000e3000000, 0x0000000100000000)
  region size 1024K, 12 young (12288K), 1 survivors (1024K)
 Metaspace       used 16821K, capacity 17210K, committed 18304K, reserved 1064960K
  class space    used 1707K, capacity 1867K, committed 2176K, reserved 1048576K
}
Event: 18941.470 GC heap after
{Heap after GC invocations=8607 (full 0):
 garbage-first heap   total 32768K, used 14724K [0x00000000e3000000, 0x0000000100000000)
  region size 1024K, 1 young (1024K), 1 survivors (1024K)
 Metaspace       used 16821K, capacity 17210K, committed 18304K, reserved 1064960K
  class space    used 1707K, capacity 1867K, committed 2176K, reserved 1048576K
}

