# JRE version: OpenJDK Runtime Environment (11.0.11+9) (build 11.0.11+9-Ubuntu-0ubuntu2.18.04)
# Java VM: OpenJDK 64-Bit Server VM (11.0.11+9-Ubuntu-0ubuntu2.18.04, mixed mode, sharing, tiered, compressed oops, g1 gc, linux-amd64)
Heap:
 garbage-first heap   total 39936K, used 27623K [0x00000000e3000000, 0x0000000100000000)
  region size 1024K, 15 young (15360K), 1 survivors (1024K)
 Metaspace       used 17321K, capacity 17996K, committed 18432K, reserved 1064960K
  class space    used 1864K, capacity 2183K, committed 2304K, reserved 1048576K
GC Heap History (20 events):
Event: 203.071 GC heap before
{Heap before GC invocations=601 (full 0):
 garbage-first heap   total 39936K, used 31717K [0x00000000e3000000, 0x0000000100000000)
  region size 1024K, 18 young (18432K), 1 survivors (1024K)
 Metaspace       used 17273K, capacity 17932K, committed 18432K, reserved 1064960K
  class space    used 1864K, capacity 2183K, committed 2304K, reserved 1048576K
}
Event: 203.073 GC heap after
{Heap after GC invocations=602 (full 0):
 garbage-first heap   total 39936K, used 14307K [0x00000000e3000000, 0x0000000100000000)
  region size 1024K, 1 young (1024K), 1 survivors (1024K)
 Metaspace       used 17273K, capacity 17932K, committed 18432K, reserved 1064960K
  class space    used 1864K, capacity 2183K, committed 2304K, reserved 1048576K
}
Event: 203.977 GC heap before
{Heap before GC invocations=602 (full 0):
 garbage-first heap   total 39936K, used 31715K [0x00000000e3000000, 0x0000000100000000)
  region size 1024K, 18 young (18432K), 1 survivors (1024K)
 Metaspace       used 17273K, capacity 17932K, committed 18432K, reserved 1064960K
  class space    used 1864K, capacity 2183K, committed 2304K, reserved 1048576K
}
Event: 203.979 GC heap after
{Heap after GC invocations=603 (full 0):
 garbage-first heap   total 39936K, used 14309K [0x00000000e3000000, 0x0000000100000000)
  region size 1024K, 1 young (1024K), 1 survivors (1024K)
 Metaspace       used 17273K, capacity 17932K, committed 18432K, reserved 1064960K
  class space    used 1864K, capacity 2183K, committed 2304K, reserved 1048576K
}
Event: 204.794 GC heap before
{Heap before GC invocations=603 (full 0):
 garbage-first heap   total 39936K, used 31717K [0x00000000e3000000, 0x0000000100000000)
  region size 1024K, 18 young (18432K), 1 survivors (1024K)
 Metaspace       used 17273K, capacity 17932K, committed 18432K, reserved 1064960K
  class space    used 1864K, capacity 2183K, committed 2304K, reserved 1048576K
}
Event: 204.796 GC heap after
{Heap after GC invocations=604 (full 0):
 garbage-first heap   total 39936K, used 14309K [0x00000000e3000000, 0x0000000100000000)
  region size 1024K, 1 young (1024K), 1 survivors (1024K)
 Metaspace       used 17273K, capacity 17932K, committed 18432K, reserved 1064960K
  class space    used 1864K, capacity 2183K, committed 2304K, reserved 1048576K
}
Event: 205.666 GC heap before
{Heap before GC invocations=604 (full 0):
 garbage-first heap   total 39936K, used 31717K [0x00000000e3000000, 0x0000000100000000)
  region size 1024K, 18 young (18432K), 1 survivors (1024K)
 Metaspace       used 17273K, capacity 17932K, committed 18432K, reserved 1064960K
  class space    used 1864K, capacity 2183K, committed 2304K, reserved 1048576K
}
Event: 205.675 GC heap after
{Heap after GC invocations=605 (full 0):
 garbage-first heap   total 39936K, used 14309K [0x00000000e3000000, 0x0000000100000000)
  region size 1024K, 1 young (1024K), 1 survivors (1024K)
 Metaspace       used 17273K, capacity 17932K, committed 18432K, reserved 1064960K
  class space    used 1864K, capacity 2183K, committed 2304K, reserved 1048576K
}
Event: 206.315 GC heap before
{Heap before GC invocations=605 (full 0):
 garbage-first heap   total 39936K, used 31717K [0x00000000e3000000, 0x0000000100000000)
  region size 1024K, 18 young (18432K), 1 survivors (1024K)
 Metaspace       used 17273K, capacity 17932K, committed 18432K, reserved 1064960K
  class space    used 1864K, capacity 2183K, committed 2304K, reserved 1048576K
}
Event: 206.317 GC heap after
{Heap after GC invocations=606 (full 0):
 garbage-first heap   total 39936K, used 14309K [0x00000000e3000000, 0x0000000100000000)
  region size 1024K, 1 young (1024K), 1 survivors (1024K)
 Metaspace       used 17273K, capacity 17932K, committed 18432K, reserved 1064960K
  class space    used 1864K, capacity 2183K, committed 2304K, reserved 1048576K
}
Event: 206.951 GC heap before
{Heap before GC invocations=606 (full 0):
 garbage-first heap   total 39936K, used 31717K [0x00000000e3000000, 0x0000000100000000)
  region size 1024K, 18 young (18432K), 1 survivors (1024K)
 Metaspace       used 17273K, capacity 17932K, committed 18432K, reserved 1064960K
  class space    used 1864K, capacity 2183K, committed 2304K, reserved 1048576K
}
Event: 206.953 GC heap after
{Heap after GC invocations=607 (full 0):
 garbage-first heap   total 39936K, used 14309K [0x00000000e3000000, 0x0000000100000000)
  region size 1024K, 1 young (1024K), 1 survivors (1024K)
 Metaspace       used 17273K, capacity 17932K, committed 18432K, reserved 1064960K
  class space    used 1864K, capacity 2183K, committed 2304K, reserved 1048576K
}
Event: 207.621 GC heap before
{Heap before GC invocations=607 (full 0):
 garbage-first heap   total 39936K, used 31717K [0x00000000e3000000, 0x0000000100000000)
  region size 1024K, 18 young (18432K), 1 survivors (1024K)
 Metaspace       used 17273K, capacity 17932K, committed 18432K, reserved 1064960K
  class space    used 1864K, capacity 2183K, committed 2304K, reserved 1048576K
}
Event: 207.623 GC heap after
{Heap after GC invocations=608 (full 0):
 garbage-first heap   total 39936K, used 14309K [0x00000000e3000000, 0x0000000100000000)
  region size 1024K, 1 young (1024K), 1 survivors (1024K)
 Metaspace       used 17273K, capacity 17932K, committed 18432K, reserved 1064960K
  class space    used 1864K, capacity 2183K, committed 2304K, reserved 1048576K
}
Event: 208.448 GC heap before
{Heap before GC invocations=608 (full 0):
 garbage-first heap   total 39936K, used 31717K [0x00000000e3000000, 0x0000000100000000)
  region size 1024K, 18 young (18432K), 1 survivors (1024K)
 Metaspace       used 17281K, capacity 17932K, committed 18432K, reserved 1064960K
  class space    used 1864K, capacity 2183K, committed 2304K, reserved 1048576K
}
Event: 208.453 GC heap after
{Heap after GC invocations=609 (full 0):
 garbage-first heap   total 39936K, used 14311K [0x00000000e3000000, 0x0000000100000000)
  region size 1024K, 1 young (1024K), 1 survivors (1024K)
 Metaspace       used 17281K, capacity 17932K, committed 18432K, reserved 1064960K
  class space    used 1864K, capacity 2183K, committed 2304K, reserved 1048576K
}
Event: 209.349 GC heap before
{Heap before GC invocations=609 (full 0):
 garbage-first heap   total 39936K, used 31719K [0x00000000e3000000, 0x0000000100000000)
  region size 1024K, 18 young (18432K), 1 survivors (1024K)
 Metaspace       used 17287K, capacity 17932K, committed 18432K, reserved 1064960K
  class space    used 1864K, capacity 2183K, committed 2304K, reserved 1048576K
}
Event: 209.353 GC heap after
{Heap after GC invocations=610 (full 0):
 garbage-first heap   total 39936K, used 14311K [0x00000000e3000000, 0x0000000100000000)
  region size 1024K, 1 young (1024K), 1 survivors (1024K)
 Metaspace       used 17287K, capacity 17932K, committed 18432K, reserved 1064960K
  class space    used 1864K, capacity 2183K, committed 2304K, reserved 1048576K
}
Event: 210.103 GC heap before
{Heap before GC invocations=610 (full 0):
 garbage-first heap   total 39936K, used 31719K [0x00000000e3000000, 0x0000000100000000)
  region size 1024K, 18 young (18432K), 1 survivors (1024K)
 Metaspace       used 17287K, capacity 17932K, committed 18432K, reserved 1064960K
  class space    used 1864K, capacity 2183K, committed 2304K, reserved 1048576K
}
Event: 210.104 GC heap after
{Heap after GC invocations=611 (full 0):
 garbage-first heap   total 39936K, used 14311K [0x00000000e3000000, 0x0000000100000000)
  region size 1024K, 1 young (1024K), 1 survivors (1024K)
 Metaspace       used 17287K, capacity 17932K, committed 18432K, reserved 1064960K
  class space    used 1864K, capacity 2183K, committed 2304K, reserved 1048576K
}

