# JRE version: OpenJDK Runtime Environment (11.0.11+9) (build 11.0.11+9-Ubuntu-0ubuntu2.18.04)
# Java VM: OpenJDK 64-Bit Server VM (11.0.11+9-Ubuntu-0ubuntu2.18.04, mixed mode, sharing, tiered, compressed oops, g1 gc, linux-amd64)
Heap:
 garbage-first heap   total 32768K, used 9947K [0x00000000e3000000, 0x0000000100000000)
  region size 1024K, 4 young (4096K), 2 survivors (2048K)
 Metaspace       used 16373K, capacity 17047K, committed 17280K, reserved 1064960K
  class space    used 1823K, capacity 2147K, committed 2176K, reserved 1048576K
GC Heap History (8 events):
Event: 1.433 GC heap before
{Heap before GC invocations=0 (full 0):
 garbage-first heap   total 32768K, used 10952K [0x00000000e3000000, 0x0000000100000000)
  region size 1024K, 7 young (7168K), 0 survivors (0K)
 Metaspace       used 6816K, capacity 7191K, committed 7424K, reserved 1056768K
  class space    used 804K, capacity 960K, committed 1024K, reserved 1048576K
}
Event: 1.448 GC heap after
{Heap after GC invocations=1 (full 0):
 garbage-first heap   total 32768K, used 5479K [0x00000000e3000000, 0x0000000100000000)
  region size 1024K, 1 young (1024K), 1 survivors (1024K)
 Metaspace       used 6816K, capacity 7191K, committed 7424K, reserved 1056768K
  class space    used 804K, capacity 960K, committed 1024K, reserved 1048576K
}
Event: 1.953 GC heap before
{Heap before GC invocations=1 (full 0):
 garbage-first heap   total 32768K, used 9575K [0x00000000e3000000, 0x0000000100000000)
  region size 1024K, 5 young (5120K), 1 survivors (1024K)
 Metaspace       used 9003K, capacity 9392K, committed 9728K, reserved 1058816K
  class space    used 1022K, capacity 1203K, committed 1280K, reserved 1048576K
}
Event: 1.980 GC heap after
{Heap after GC invocations=2 (full 0):
 garbage-first heap   total 32768K, used 5786K [0x00000000e3000000, 0x0000000100000000)
  region size 1024K, 1 young (1024K), 1 survivors (1024K)
 Metaspace       used 9003K, capacity 9392K, committed 9728K, reserved 1058816K
  class space    used 1022K, capacity 1203K, committed 1280K, reserved 1048576K
}
Event: 22.488 GC heap before
{Heap before GC invocations=2 (full 0):
 garbage-first heap   total 32768K, used 13978K [0x00000000e3000000, 0x0000000100000000)
  region size 1024K, 10 young (10240K), 1 survivors (1024K)
 Metaspace       used 12674K, capacity 13330K, committed 13568K, reserved 1060864K
  class space    used 1424K, capacity 1737K, committed 1792K, reserved 1048576K
}
Event: 22.496 GC heap after
{Heap after GC invocations=3 (full 0):
 garbage-first heap   total 32768K, used 6989K [0x00000000e3000000, 0x0000000100000000)
  region size 1024K, 2 young (2048K), 2 survivors (2048K)
 Metaspace       used 12674K, capacity 13330K, committed 13568K, reserved 1060864K
  class space    used 1424K, capacity 1737K, committed 1792K, reserved 1048576K
}
Event: 17532.874 GC heap before
{Heap before GC invocations=3 (full 0):
 garbage-first heap   total 32768K, used 17229K [0x00000000e3000000, 0x0000000100000000)
  region size 1024K, 12 young (12288K), 2 survivors (2048K)
 Metaspace       used 16281K, capacity 16905K, committed 17280K, reserved 1064960K
  class space    used 1806K, capacity 2078K, committed 2176K, reserved 1048576K
}
Event: 17532.885 GC heap after
{Heap after GC invocations=4 (full 0):
 garbage-first heap   total 32768K, used 8923K [0x00000000e3000000, 0x0000000100000000)
  region size 1024K, 2 young (2048K), 2 survivors (2048K)
 Metaspace       used 16281K, capacity 16905K, committed 17280K, reserved 1064960K
  class space    used 1806K, capacity 2078K, committed 2176K, reserved 1048576K
}

